[INFO] Scanning for projects...
[INFO] 
[INFO] ---------------------< com.unir:discovery-server >----------------------
[INFO] Building Discovery Server 1.0.0
[INFO]   from pom.xml
[INFO] --------------------------------[ jar ]---------------------------------
[INFO] 
[INFO] >>> spring-boot:3.0.6:run (default-cli) > test-compile @ discovery-server >>>
[INFO] 
[INFO] --- resources:3.3.1:resources (default-resources) @ discovery-server ---
[INFO] Copying 1 resource from src/main/resources to target/classes
[INFO] 
[INFO] --- compiler:3.11.0:compile (default-compile) @ discovery-server ---
[INFO] Nothing to compile - all classes are up to date
[INFO] 
[INFO] --- resources:3.3.1:testResources (default-testResources) @ discovery-server ---
[INFO] skip non existing resourceDirectory /home/antonio/Documents/repos/am-store/backend/amstore/discovery-server/src/test/resources
[INFO] 
[INFO] --- compiler:3.11.0:testCompile (default-testCompile) @ discovery-server ---
[INFO] Nothing to compile - all classes are up to date
[INFO] 
[INFO] <<< spring-boot:3.0.6:run (default-cli) < test-compile @ discovery-server <<<
[INFO] 
[INFO] 
[INFO] --- spring-boot:3.0.6:run (default-cli) @ discovery-server ---
[INFO] Attaching agents: []

  .   ____          _            __ _ _
 /\\ / ___'_ __ _ _(_)_ __  __ _ \ \ \ \
( ( )\___ | '_ | '_| | '_ \/ _` | \ \ \ \
 \\/  ___)| |_)| | | | | || (_| |  ) ) ) )
  '  |____| .__|_| |_|_| |_\__, | / / / /
 =========|_|==============|___/=/_/_/_/
 :: Spring Boot ::                (v3.0.6)

2025-08-25T20:54:21.344-06:00  INFO 53740 --- [           main] c.u.d.DiscoveryServerApplication         : Starting DiscoveryServerApplication using Java 21.0.7 with PID 53740 (/home/antonio/Documents/repos/am-store/backend/amstore/discovery-server/target/classes started by antonio in /home/antonio/Documents/repos/am-store/backend/amstore/discovery-server)
2025-08-25T20:54:21.365-06:00  INFO 53740 --- [           main] c.u.d.DiscoveryServerApplication         : No active profile set, falling back to 1 default profile: "default"
2025-08-25T20:54:23.785-06:00  INFO 53740 --- [           main] o.s.cloud.context.scope.GenericScope     : BeanFactory id=18c27b52-208b-3f7e-91c2-3ba606f88bb7
2025-08-25T20:54:24.284-06:00  INFO 53740 --- [           main] o.s.b.w.embedded.tomcat.TomcatWebServer  : Tomcat initialized with port(s): 8761 (http)
2025-08-25T20:54:24.299-06:00  INFO 53740 --- [           main] o.apache.catalina.core.StandardService   : Starting service [Tomcat]
2025-08-25T20:54:24.300-06:00  INFO 53740 --- [           main] o.apache.catalina.core.StandardEngine    : Starting Servlet engine: [Apache Tomcat/10.1.8]
2025-08-25T20:54:24.867-06:00  INFO 53740 --- [           main] o.a.c.c.C.[Tomcat].[localhost].[/]       : Initializing Spring embedded WebApplicationContext
2025-08-25T20:54:24.870-06:00  INFO 53740 --- [           main] w.s.c.ServletWebServerApplicationContext : Root WebApplicationContext: initialization completed in 3376 ms
2025-08-25T20:54:27.360-06:00  INFO 53740 --- [           main] c.n.d.provider.DiscoveryJerseyProvider   : Using JSON encoding codec LegacyJacksonJson
2025-08-25T20:54:27.362-06:00  INFO 53740 --- [           main] c.n.d.provider.DiscoveryJerseyProvider   : Using JSON decoding codec LegacyJacksonJson
2025-08-25T20:54:27.724-06:00  INFO 53740 --- [           main] c.n.d.provider.DiscoveryJerseyProvider   : Using XML encoding codec XStreamXml
2025-08-25T20:54:27.725-06:00  INFO 53740 --- [           main] c.n.d.provider.DiscoveryJerseyProvider   : Using XML decoding codec XStreamXml
2025-08-25T20:54:28.887-06:00  INFO 53740 --- [           main] DiscoveryClientOptionalArgsConfiguration : Eureka HTTP Client uses RestTemplate.
2025-08-25T20:54:28.950-06:00  WARN 53740 --- [           main] iguration$LoadBalancerCaffeineWarnLogger : Spring Cloud LoadBalancer is currently working with the default cache. While this cache implementation is useful for development and tests, it's recommended to use Caffeine cache in production.You can switch to using Caffeine cache, by adding it and org.springframework.cache.caffeine.CaffeineCacheManager to the classpath.
2025-08-25T20:54:28.996-06:00  INFO 53740 --- [           main] o.s.c.n.eureka.InstanceInfoFactory       : Setting initial instance status as: STARTING
2025-08-25T20:54:29.031-06:00  INFO 53740 --- [           main] com.netflix.discovery.DiscoveryClient    : Initializing Eureka in region us-east-1
2025-08-25T20:54:29.031-06:00  INFO 53740 --- [           main] com.netflix.discovery.DiscoveryClient    : Client configured to neither register nor query for data.
2025-08-25T20:54:29.043-06:00  INFO 53740 --- [           main] com.netflix.discovery.DiscoveryClient    : Discovery Client initialized at timestamp 1756176869041 with initial instances count: 0
2025-08-25T20:54:29.095-06:00  INFO 53740 --- [           main] c.n.eureka.DefaultEurekaServerContext    : Initializing ...
2025-08-25T20:54:29.097-06:00  INFO 53740 --- [           main] c.n.eureka.cluster.PeerEurekaNodes       : Adding new peer nodes [http://localhost:8761/eureka/]
2025-08-25T20:54:29.303-06:00  INFO 53740 --- [           main] c.n.d.provider.DiscoveryJerseyProvider   : Using JSON encoding codec LegacyJacksonJson
2025-08-25T20:54:29.304-06:00  INFO 53740 --- [           main] c.n.d.provider.DiscoveryJerseyProvider   : Using JSON decoding codec LegacyJacksonJson
2025-08-25T20:54:29.304-06:00  INFO 53740 --- [           main] c.n.d.provider.DiscoveryJerseyProvider   : Using XML encoding codec XStreamXml
2025-08-25T20:54:29.304-06:00  INFO 53740 --- [           main] c.n.d.provider.DiscoveryJerseyProvider   : Using XML decoding codec XStreamXml
2025-08-25T20:54:29.469-06:00  INFO 53740 --- [           main] c.n.eureka.cluster.PeerEurekaNodes       : Replica node URL:  http://localhost:8761/eureka/
2025-08-25T20:54:29.487-06:00  INFO 53740 --- [           main] c.n.e.registry.AbstractInstanceRegistry  : Finished initializing remote region registries. All known remote regions: []
2025-08-25T20:54:29.492-06:00  INFO 53740 --- [           main] c.n.eureka.DefaultEurekaServerContext    : Initialized
2025-08-25T20:54:29.517-06:00  INFO 53740 --- [           main] o.s.b.a.e.web.EndpointLinksResolver      : Exposing 1 endpoint(s) beneath base path '/actuator'
2025-08-25T20:54:29.590-06:00  INFO 53740 --- [           main] o.s.c.n.e.s.EurekaServiceRegistry        : Registering application DISCOVERY-SERVER with eureka with status UP
2025-08-25T20:54:29.621-06:00  INFO 53740 --- [       Thread-9] o.s.c.n.e.server.EurekaServerBootstrap   : isAws returned false
2025-08-25T20:54:29.622-06:00  INFO 53740 --- [       Thread-9] o.s.c.n.e.server.EurekaServerBootstrap   : Initialized server context
2025-08-25T20:54:29.622-06:00  INFO 53740 --- [       Thread-9] c.n.e.r.PeerAwareInstanceRegistryImpl    : Got 1 instances from neighboring DS node
2025-08-25T20:54:29.623-06:00  INFO 53740 --- [       Thread-9] c.n.e.r.PeerAwareInstanceRegistryImpl    : Renew threshold is: 1
2025-08-25T20:54:29.623-06:00  INFO 53740 --- [       Thread-9] c.n.e.r.PeerAwareInstanceRegistryImpl    : Changing status to UP
2025-08-25T20:54:29.639-06:00  INFO 53740 --- [       Thread-9] e.s.EurekaServerInitializerConfiguration : Started Eureka Server
2025-08-25T20:54:29.649-06:00  INFO 53740 --- [           main] o.s.b.w.embedded.tomcat.TomcatWebServer  : Tomcat started on port(s): 8761 (http) with context path ''
2025-08-25T20:54:29.651-06:00  INFO 53740 --- [           main] .s.c.n.e.s.EurekaAutoServiceRegistration : Updating port to 8761
2025-08-25T20:54:29.682-06:00  INFO 53740 --- [           main] c.u.d.DiscoveryServerApplication         : Started DiscoveryServerApplication in 9.19 seconds (process running for 9.952)
2025-08-25T20:54:46.538-06:00  INFO 53740 --- [nio-8761-exec-1] o.a.c.c.C.[Tomcat].[localhost].[/]       : Initializing Spring DispatcherServlet 'dispatcherServlet'
2025-08-25T20:54:46.539-06:00  INFO 53740 --- [nio-8761-exec-1] o.s.web.servlet.DispatcherServlet        : Initializing Servlet 'dispatcherServlet'
2025-08-25T20:54:46.540-06:00  INFO 53740 --- [nio-8761-exec-1] o.s.web.servlet.DispatcherServlet        : Completed initialization in 1 ms
2025-08-25T20:54:46.773-06:00  INFO 53740 --- [nio-8761-exec-2] c.n.e.registry.AbstractInstanceRegistry  : Registered instance MS-OPERATOR/fedora:MS-OPERATOR:8081 with status UP (replication=false)
2025-08-25T20:54:47.402-06:00  INFO 53740 --- [nio-8761-exec-3] c.n.e.registry.AbstractInstanceRegistry  : Registered instance MS-OPERATOR/fedora:MS-OPERATOR:8081 with status UP (replication=true)
2025-08-25T20:54:55.206-06:00  INFO 53740 --- [nio-8761-exec-5] c.n.e.registry.AbstractInstanceRegistry  : Registered instance MS-SEARCHER/fedora:ms-searcher:8082 with status UP (replication=false)
2025-08-25T20:54:55.720-06:00  INFO 53740 --- [nio-8761-exec-6] c.n.e.registry.AbstractInstanceRegistry  : Registered instance MS-SEARCHER/fedora:ms-searcher:8082 with status UP (replication=true)
2025-08-25T20:55:02.822-06:00  INFO 53740 --- [nio-8761-exec-8] c.n.e.registry.AbstractInstanceRegistry  : Registered instance API-GATEWAY/fedora:api-gateway:8080 with status UP (replication=false)
2025-08-25T20:55:03.327-06:00  INFO 53740 --- [nio-8761-exec-9] c.n.e.registry.AbstractInstanceRegistry  : Registered instance API-GATEWAY/fedora:api-gateway:8080 with status UP (replication=true)
2025-08-25T20:55:29.624-06:00  INFO 53740 --- [a-EvictionTimer] c.n.e.registry.AbstractInstanceRegistry  : Running the evict task with compensationTime 0ms
2025-08-25T20:56:29.624-06:00  INFO 53740 --- [a-EvictionTimer] c.n.e.registry.AbstractInstanceRegistry  : Running the evict task with compensationTime 0ms
2025-08-25T20:57:29.624-06:00  INFO 53740 --- [a-EvictionTimer] c.n.e.registry.AbstractInstanceRegistry  : Running the evict task with compensationTime 0ms
2025-08-25T20:58:29.624-06:00  INFO 53740 --- [a-EvictionTimer] c.n.e.registry.AbstractInstanceRegistry  : Running the evict task with compensationTime 0ms
2025-08-25T20:59:29.624-06:00  INFO 53740 --- [a-EvictionTimer] c.n.e.registry.AbstractInstanceRegistry  : Running the evict task with compensationTime 0ms
2025-08-25T21:00:29.624-06:00  INFO 53740 --- [a-EvictionTimer] c.n.e.registry.AbstractInstanceRegistry  : Running the evict task with compensationTime 0ms
2025-08-25T21:01:29.624-06:00  INFO 53740 --- [a-EvictionTimer] c.n.e.registry.AbstractInstanceRegistry  : Running the evict task with compensationTime 0ms
2025-08-25T21:02:29.624-06:00  INFO 53740 --- [a-EvictionTimer] c.n.e.registry.AbstractInstanceRegistry  : Running the evict task with compensationTime 0ms
