[INFO] Scanning for projects...
[INFO] 
[INFO] ------------------------< com.unir:ms-operator >------------------------
[INFO] Building ms-operator 1.0.0
[INFO]   from pom.xml
[INFO] --------------------------------[ jar ]---------------------------------
[INFO] 
[INFO] >>> spring-boot:3.0.6:run (default-cli) > test-compile @ ms-operator >>>
[WARNING] The artifact mysql:mysql-connector-java:jar:8.0.33 has been relocated to com.mysql:mysql-connector-j:jar:8.0.33: MySQL Connector/J artifacts moved to reverse-DNS compliant Maven 2+ coordinates.
[INFO] 
[INFO] --- resources:3.3.1:resources (default-resources) @ ms-operator ---
[INFO] Copying 1 resource from src/main/resources to target/classes
[INFO] 
[INFO] --- compiler:3.11.0:compile (default-compile) @ ms-operator ---
[INFO] Nothing to compile - all classes are up to date
[INFO] 
[INFO] --- resources:3.3.1:testResources (default-testResources) @ ms-operator ---
[INFO] skip non existing resourceDirectory /home/antonio/Documents/repos/am-store/backend/amstore/ms-operator/src/test/resources
[INFO] 
[INFO] --- compiler:3.11.0:testCompile (default-testCompile) @ ms-operator ---
[INFO] Nothing to compile - all classes are up to date
[INFO] 
[INFO] <<< spring-boot:3.0.6:run (default-cli) < test-compile @ ms-operator <<<
[INFO] 
[INFO] 
[INFO] --- spring-boot:3.0.6:run (default-cli) @ ms-operator ---
[INFO] Attaching agents: []

  .   ____          _            __ _ _
 /\\ / ___'_ __ _ _(_)_ __  __ _ \ \ \ \
( ( )\___ | '_ | '_| | '_ \/ _` | \ \ \ \
 \\/  ___)| |_)| | | | | || (_| |  ) ) ) )
  '  |____| .__|_| |_|_| |_\__, | / / / /
 =========|_|==============|___/=/_/_/_/
 :: Spring Boot ::                (v3.0.6)

2025-08-24T18:55:07.032-06:00  INFO 509125 --- [           main] c.u.ms_operator.MsOperatorApplication    : Starting MsOperatorApplication using Java 21.0.7 with PID 509125 (/home/antonio/Documents/repos/am-store/backend/amstore/ms-operator/target/classes started by antonio in /home/antonio/Documents/repos/am-store/backend/amstore/ms-operator)
2025-08-24T18:55:07.039-06:00  INFO 509125 --- [           main] c.u.ms_operator.MsOperatorApplication    : No active profile set, falling back to 1 default profile: "default"
2025-08-24T18:55:08.043-06:00  INFO 509125 --- [           main] .s.d.r.c.RepositoryConfigurationDelegate : Bootstrapping Spring Data JPA repositories in DEFAULT mode.
2025-08-24T18:55:08.312-06:00  INFO 509125 --- [           main] .s.d.r.c.RepositoryConfigurationDelegate : Finished Spring Data repository scanning in 254 ms. Found 1 JPA repository interfaces.
2025-08-24T18:55:08.837-06:00  INFO 509125 --- [           main] o.s.cloud.context.scope.GenericScope     : BeanFactory id=3e74ca53-6b24-3a79-8eb8-9bd398e06cf0
2025-08-24T18:55:09.439-06:00  INFO 509125 --- [           main] o.s.b.w.embedded.tomcat.TomcatWebServer  : Tomcat initialized with port(s): 8081 (http)
2025-08-24T18:55:09.453-06:00  INFO 509125 --- [           main] o.apache.catalina.core.StandardService   : Starting service [Tomcat]
2025-08-24T18:55:09.454-06:00  INFO 509125 --- [           main] o.apache.catalina.core.StandardEngine    : Starting Servlet engine: [Apache Tomcat/10.1.8]
2025-08-24T18:55:09.628-06:00  INFO 509125 --- [           main] o.a.c.c.C.[Tomcat].[localhost].[/]       : Initializing Spring embedded WebApplicationContext
2025-08-24T18:55:09.630-06:00  INFO 509125 --- [           main] w.s.c.ServletWebServerApplicationContext : Root WebApplicationContext: initialization completed in 2495 ms
2025-08-24T18:55:09.853-06:00  INFO 509125 --- [           main] o.hibernate.jpa.internal.util.LogHelper  : HHH000204: Processing PersistenceUnitInfo [name: default]
2025-08-24T18:55:09.913-06:00  INFO 509125 --- [           main] org.hibernate.Version                    : HHH000412: Hibernate ORM core version 6.1.7.Final
2025-08-24T18:55:10.249-06:00  INFO 509125 --- [           main] com.zaxxer.hikari.HikariDataSource       : HikariPool-1 - Starting...
2025-08-24T18:55:11.276-06:00  INFO 509125 --- [           main] com.zaxxer.hikari.pool.HikariPool        : HikariPool-1 - Added connection com.mysql.cj.jdbc.ConnectionImpl@113eed88
2025-08-24T18:55:11.278-06:00  INFO 509125 --- [           main] com.zaxxer.hikari.HikariDataSource       : HikariPool-1 - Start completed.
2025-08-24T18:55:11.375-06:00  WARN 509125 --- [           main] org.hibernate.dialect.Dialect            : HHH000511: The 5.5.0 version for [org.hibernate.dialect.MySQLDialect] is no longer supported, hence certain features may not work properly. The minimum supported version is 5.7.0. Check the community dialects project for available legacy versions.
2025-08-24T18:55:11.380-06:00  INFO 509125 --- [           main] SQL dialect                              : HHH000400: Using dialect: org.hibernate.dialect.MySQLDialect
2025-08-24T18:55:12.474-06:00  INFO 509125 --- [           main] o.h.e.t.j.p.i.JtaPlatformInitiator       : HHH000490: Using JtaPlatform implementation: [org.hibernate.engine.transaction.jta.platform.internal.NoJtaPlatform]
2025-08-24T18:55:12.489-06:00  INFO 509125 --- [           main] j.LocalContainerEntityManagerFactoryBean : Initialized JPA EntityManagerFactory for persistence unit 'default'
2025-08-24T18:55:12.775-06:00  WARN 509125 --- [           main] JpaBaseConfiguration$JpaWebConfiguration : spring.jpa.open-in-view is enabled by default. Therefore, database queries may be performed during view rendering. Explicitly configure spring.jpa.open-in-view to disable this warning
2025-08-24T18:55:13.264-06:00  INFO 509125 --- [           main] DiscoveryClientOptionalArgsConfiguration : Eureka HTTP Client uses RestTemplate.
2025-08-24T18:55:13.358-06:00  WARN 509125 --- [           main] iguration$LoadBalancerCaffeineWarnLogger : Spring Cloud LoadBalancer is currently working with the default cache. While this cache implementation is useful for development and tests, it's recommended to use Caffeine cache in production.You can switch to using Caffeine cache, by adding it and org.springframework.cache.caffeine.CaffeineCacheManager to the classpath.
2025-08-24T18:55:13.389-06:00  INFO 509125 --- [           main] o.s.c.n.eureka.InstanceInfoFactory       : Setting initial instance status as: STARTING
2025-08-24T18:55:13.545-06:00  INFO 509125 --- [           main] com.netflix.discovery.DiscoveryClient    : Initializing Eureka in region us-east-1
2025-08-24T18:55:13.552-06:00  INFO 509125 --- [           main] c.n.d.s.r.aws.ConfigClusterResolver      : Resolving eureka endpoints via configuration
2025-08-24T18:55:13.584-06:00  INFO 509125 --- [           main] com.netflix.discovery.DiscoveryClient    : Disable delta property : false
2025-08-24T18:55:13.584-06:00  INFO 509125 --- [           main] com.netflix.discovery.DiscoveryClient    : Single vip registry refresh property : null
2025-08-24T18:55:13.584-06:00  INFO 509125 --- [           main] com.netflix.discovery.DiscoveryClient    : Force full registry fetch : false
2025-08-24T18:55:13.585-06:00  INFO 509125 --- [           main] com.netflix.discovery.DiscoveryClient    : Application is null : false
2025-08-24T18:55:13.585-06:00  INFO 509125 --- [           main] com.netflix.discovery.DiscoveryClient    : Registered Applications size is zero : true
2025-08-24T18:55:13.585-06:00  INFO 509125 --- [           main] com.netflix.discovery.DiscoveryClient    : Application version is -1: true
2025-08-24T18:55:13.585-06:00  INFO 509125 --- [           main] com.netflix.discovery.DiscoveryClient    : Getting all instance registry info from the eureka server
2025-08-24T18:55:14.415-06:00  INFO 509125 --- [           main] com.netflix.discovery.DiscoveryClient    : The response status is 200
2025-08-24T18:55:14.418-06:00  INFO 509125 --- [           main] com.netflix.discovery.DiscoveryClient    : Starting heartbeat executor: renew interval is: 30
2025-08-24T18:55:14.423-06:00  INFO 509125 --- [           main] c.n.discovery.InstanceInfoReplicator     : InstanceInfoReplicator onDemand update allowed rate per min is 4
2025-08-24T18:55:14.436-06:00  INFO 509125 --- [           main] com.netflix.discovery.DiscoveryClient    : Discovery Client initialized at timestamp 1756083314433 with initial instances count: 0
2025-08-24T18:55:14.443-06:00  INFO 509125 --- [           main] o.s.c.n.e.s.EurekaServiceRegistry        : Registering application MS-OPERATOR with eureka with status UP
2025-08-24T18:55:14.448-06:00  INFO 509125 --- [           main] com.netflix.discovery.DiscoveryClient    : Saw local status change event StatusChangeEvent [timestamp=1756083314448, current=UP, previous=STARTING]
2025-08-24T18:55:14.451-06:00  INFO 509125 --- [nfoReplicator-0] com.netflix.discovery.DiscoveryClient    : DiscoveryClient_MS-OPERATOR/fedora:MS-OPERATOR:8081: registering service...
2025-08-24T18:55:14.477-06:00  INFO 509125 --- [           main] o.s.b.w.embedded.tomcat.TomcatWebServer  : Tomcat started on port(s): 8081 (http) with context path ''
2025-08-24T18:55:14.478-06:00  INFO 509125 --- [           main] .s.c.n.e.s.EurekaAutoServiceRegistration : Updating port to 8081
2025-08-24T18:55:14.529-06:00  INFO 509125 --- [           main] c.u.ms_operator.MsOperatorApplication    : Started MsOperatorApplication in 8.253 seconds (process running for 8.879)
2025-08-24T18:55:14.696-06:00  INFO 509125 --- [nfoReplicator-0] com.netflix.discovery.DiscoveryClient    : DiscoveryClient_MS-OPERATOR/fedora:MS-OPERATOR:8081 - registration status: 204
2025-08-24T18:55:44.418-06:00  INFO 509125 --- [freshExecutor-0] com.netflix.discovery.DiscoveryClient    : Disable delta property : false
2025-08-24T18:55:44.418-06:00  INFO 509125 --- [freshExecutor-0] com.netflix.discovery.DiscoveryClient    : Single vip registry refresh property : null
2025-08-24T18:55:44.418-06:00  INFO 509125 --- [freshExecutor-0] com.netflix.discovery.DiscoveryClient    : Force full registry fetch : false
2025-08-24T18:55:44.418-06:00  INFO 509125 --- [freshExecutor-0] com.netflix.discovery.DiscoveryClient    : Application is null : false
2025-08-24T18:55:44.418-06:00  INFO 509125 --- [freshExecutor-0] com.netflix.discovery.DiscoveryClient    : Registered Applications size is zero : true
2025-08-24T18:55:44.418-06:00  INFO 509125 --- [freshExecutor-0] com.netflix.discovery.DiscoveryClient    : Application version is -1: false
2025-08-24T18:55:44.418-06:00  INFO 509125 --- [freshExecutor-0] com.netflix.discovery.DiscoveryClient    : Getting all instance registry info from the eureka server
2025-08-24T18:55:44.443-06:00  INFO 509125 --- [freshExecutor-0] com.netflix.discovery.DiscoveryClient    : The response status is 200
2025-08-24T18:56:13.378-06:00  INFO 509125 --- [nio-8081-exec-1] o.a.c.c.C.[Tomcat].[localhost].[/]       : Initializing Spring DispatcherServlet 'dispatcherServlet'
2025-08-24T18:56:13.378-06:00  INFO 509125 --- [nio-8081-exec-1] o.s.web.servlet.DispatcherServlet        : Initializing Servlet 'dispatcherServlet'
2025-08-24T18:56:13.380-06:00  INFO 509125 --- [nio-8081-exec-1] o.s.web.servlet.DispatcherServlet        : Completed initialization in 2 ms
